(t0): New task P1
(t0): New task P3
(t0): P1 running
(t1): Task P1 goes to sleep until (t6)
(t1): New task P2
(t0): Context switch (P1)<->(P3)
(t1): P3 running
(t1): Context switch (P3)<->(P2)
(t2): P2 running
(t3): New task P4
(t2): Context switch (P2)<->(P3)
(t3): P3 running
(t3): Context switch (P3)<->(P4)
(t4): P4 running
(t4): Context switch (P4)<->(P2)
(t5): P2 running
(t6): task P1 awake
(t5): Context switch (P2)<->(P3)
(t6): P3 running
(t6): Context switch (P3)<->(P4)
(t7): P4 running
(t7): Context switch (P4)<->(P1)
(t8): P1 running
(t8): Context switch (P1)<->(P2)
(t9): P2 running
(t10): Task P2 goes to sleep until (t11)
(t9): Context switch (P2)<->(P3)
(t10): P3 running
(t11): task P2 awake
(t10): Context switch (P3)<->(P4)
(t11): P4 running
(t12): Task P4 goes to sleep until (t14)
(t11): Context switch (P4)<->(P1)
(t12): P1 running
(t12): Context switch (P1)<->(P2)
(t13): P2 running
(t14): task P4 awake
(t13): Context switch (P2)<->(P3)
(t14): P3 running
(t14): Context switch (P3)<->(P1)
(t15): P1 running
(t15): Context switch (P1)<->(P4)
(t16): P4 running
(t17): Task P4 goes to sleep until (t18)
(t16): Context switch (P4)<->(P1)
(t17): P1 running
(t17): Context switch (P1)<->(idle)
==================
P1	0	1	running
P1	1	6	I/O
P1	6	8	ready
P1	8	9	running
P1	9	12	ready
P1	12	13	running
P1	13	15	ready
P1	15	16	running
P1	16	17	ready
P1	17	18	running
P2	1	2	ready
P2	2	3	running
P2	3	5	ready
P2	5	6	running
P2	6	9	ready
P2	9	10	running
P2	10	11	I/O
P2	11	13	ready
P2	13	14	running
P3	0	1	ready
P3	1	2	running
P3	2	3	ready
P3	3	4	running
P3	4	6	ready
P3	6	7	running
P3	7	10	ready
P3	10	11	running
P3	11	14	ready
P3	14	15	running
P4	3	4	ready
P4	4	5	running
P4	5	7	ready
P4	7	8	running
P4	8	11	ready
P4	11	12	running
P4	12	14	I/O
P4	14	16	ready
P4	16	17	running
P4	17	18	I/O
